Writing to ../../enhanced-sampling-tmem175-data/pulling/04.closed_to_open_restart


input_dir: ../systems/system01


ebdims_file: ../systems/eBDims/closed_to_open_superposed_to_final.pdb


output_dir: ../../enhanced-sampling-tmem175-data/pulling/04.closed_to_open_restart


charmm_param_dir: ../forcefield_data/charmm-params


params_file: ../sim_params/pulling02.yaml


pulling_params: ../pulling_methods/cas.yaml


restart_from_frame: 40


restart_dir: ../../enhanced-sampling-tmem175-data/pulling/04.closed_to_open/frame40/


Loading psf from ../systems/system01/step5_input.psf


Loading Charmm params from ../forcefield_data/charmm-params


Restarting from ../../enhanced-sampling-tmem175-data/pulling/04.closed_to_open/frame40/ using frames range(41, 46)


Using positions from frame 41 from ../systems/eBDims/closed_to_open_superposed_to_final.pdb


Writing to ../../enhanced-sampling-tmem175-data/pulling/04.closed_to_open_restart/frame41


dict_keys(['psf', 'params', 'state', 'positions', 'pdb'])


<Topology; 5 chains, 31576 residues, 151920 atoms, 121416 bonds>


Loading sim_params from ../sim_params/pulling02.yaml


hydrogen_mass       : 4.0 Da
temperature         : 303.15 K
friction            : 1 /ps
time_step           : 0.002 ps
pressure            : 1 bar
surface_tension     : 0
n_steps             : 1000000
report_freq         : 500
chk_freq            : 250000
traj_freq           : 5000
virtual_bond        : ['resSeq 46 and name CA and chainid 0', 'resSeq 46 and name CA and chainid 1']
platform            : CUDA
precision           : mixed
nonbonded_method    : PME
constraints         : HBonds
steps_dict          : {'Total Time': 1000000, 'Report Freq': 500, 'Checkpoint Freq': 250000, 'Trajectory Freq': 5000}
time_dict           : {'Total Time': Quantity(value=2000.0, unit=picosecond), 'Report Freq': Quantity(value=1.0, unit=picosecond), 'Checkpoint Freq': Quantity(value=500.0, unit=picosecond), 'Trajectory Freq': Quantity(value=10.0, unit=picosecond)}
n_frames            : 200
Total Time          :	2.00 ns             2000.00 ps          2000000.00 fs       
Report Freq         :	0.00 ns             1.00 ps             1000.00 fs          
Checkpoint Freq     :	0.50 ns             500.00 ps           500000.00 fs        
Trajectory Freq     :	0.01 ns             10.00 ps            10000.00 fs         
Number of Frames    :	200
Number of Steps     :	1000000


Loading sim_params from ../pulling_methods/cas.yaml


spring_constant     : 1000
force_group         : 20
selection           : protein_ca


['resSeq 46 and name CA and chainid 0', 'resSeq 46 and name CA and chainid 1']


<mdtraj.Topology with 5 chains, 31576 residues, 151920 atoms, 121416 bonds>


Setting precision to mixed


Setting DeterministicForces to 'true`


Using protein selection: protein_ca and res_list: False


Adding CustomExternalForce to system with 894 particles


CustomExternalForce
 
20


Setting state from state file...


  before simulation : -323458.612 kcal/mol


Running simulation


Writing simulation files to ../../enhanced-sampling-tmem175-data/pulling/04.closed_to_open_restart/frame41


Saving state


Saving cif


Saving pdb


Saving system


Saving integrator


Script cleanup


Writing log


Trajectory info written to ../../enhanced-sampling-tmem175-data/pulling/04.closed_to_open_restart/frame41


Using positions from frame 42 from ../systems/eBDims/closed_to_open_superposed_to_final.pdb


Writing to ../../enhanced-sampling-tmem175-data/pulling/04.closed_to_open_restart/frame42


dict_keys(['psf', 'params', 'state', 'positions', 'pdb'])


<Topology; 5 chains, 31576 residues, 151920 atoms, 121416 bonds>


Loading sim_params from ../sim_params/pulling02.yaml


hydrogen_mass       : 4.0 Da
temperature         : 303.15 K
friction            : 1 /ps
time_step           : 0.002 ps
pressure            : 1 bar
surface_tension     : 0
n_steps             : 1000000
report_freq         : 500
chk_freq            : 250000
traj_freq           : 5000
virtual_bond        : ['resSeq 46 and name CA and chainid 0', 'resSeq 46 and name CA and chainid 1']
platform            : CUDA
precision           : mixed
nonbonded_method    : PME
constraints         : HBonds
steps_dict          : {'Total Time': 1000000, 'Report Freq': 500, 'Checkpoint Freq': 250000, 'Trajectory Freq': 5000}
time_dict           : {'Total Time': Quantity(value=2000.0, unit=picosecond), 'Report Freq': Quantity(value=1.0, unit=picosecond), 'Checkpoint Freq': Quantity(value=500.0, unit=picosecond), 'Trajectory Freq': Quantity(value=10.0, unit=picosecond)}
n_frames            : 200
Total Time          :	2.00 ns             2000.00 ps          2000000.00 fs       
Report Freq         :	0.00 ns             1.00 ps             1000.00 fs          
Checkpoint Freq     :	0.50 ns             500.00 ps           500000.00 fs        
Trajectory Freq     :	0.01 ns             10.00 ps            10000.00 fs         
Number of Frames    :	200
Number of Steps     :	1000000


Loading sim_params from ../pulling_methods/cas.yaml


spring_constant     : 1000
force_group         : 20
selection           : protein_ca


['resSeq 46 and name CA and chainid 0', 'resSeq 46 and name CA and chainid 1']


<mdtraj.Topology with 5 chains, 31576 residues, 151920 atoms, 121416 bonds>


Setting precision to mixed


Setting DeterministicForces to 'true`


Using protein selection: protein_ca and res_list: False


Adding CustomExternalForce to system with 894 particles


CustomExternalForce
 
20


Setting state from state file...


  before simulation : -322984.162 kcal/mol


Running simulation


Writing simulation files to ../../enhanced-sampling-tmem175-data/pulling/04.closed_to_open_restart/frame42


Saving state


Saving cif


Saving pdb


Saving system


Saving integrator


Script cleanup


Writing log


Trajectory info written to ../../enhanced-sampling-tmem175-data/pulling/04.closed_to_open_restart/frame42


Using positions from frame 43 from ../systems/eBDims/closed_to_open_superposed_to_final.pdb


Writing to ../../enhanced-sampling-tmem175-data/pulling/04.closed_to_open_restart/frame43


dict_keys(['psf', 'params', 'state', 'positions', 'pdb'])


<Topology; 5 chains, 31576 residues, 151920 atoms, 121416 bonds>


Loading sim_params from ../sim_params/pulling02.yaml


hydrogen_mass       : 4.0 Da
temperature         : 303.15 K
friction            : 1 /ps
time_step           : 0.002 ps
pressure            : 1 bar
surface_tension     : 0
n_steps             : 1000000
report_freq         : 500
chk_freq            : 250000
traj_freq           : 5000
virtual_bond        : ['resSeq 46 and name CA and chainid 0', 'resSeq 46 and name CA and chainid 1']
platform            : CUDA
precision           : mixed
nonbonded_method    : PME
constraints         : HBonds
steps_dict          : {'Total Time': 1000000, 'Report Freq': 500, 'Checkpoint Freq': 250000, 'Trajectory Freq': 5000}
time_dict           : {'Total Time': Quantity(value=2000.0, unit=picosecond), 'Report Freq': Quantity(value=1.0, unit=picosecond), 'Checkpoint Freq': Quantity(value=500.0, unit=picosecond), 'Trajectory Freq': Quantity(value=10.0, unit=picosecond)}
n_frames            : 200
Total Time          :	2.00 ns             2000.00 ps          2000000.00 fs       
Report Freq         :	0.00 ns             1.00 ps             1000.00 fs          
Checkpoint Freq     :	0.50 ns             500.00 ps           500000.00 fs        
Trajectory Freq     :	0.01 ns             10.00 ps            10000.00 fs         
Number of Frames    :	200
Number of Steps     :	1000000


Loading sim_params from ../pulling_methods/cas.yaml


spring_constant     : 1000
force_group         : 20
selection           : protein_ca


['resSeq 46 and name CA and chainid 0', 'resSeq 46 and name CA and chainid 1']


<mdtraj.Topology with 5 chains, 31576 residues, 151920 atoms, 121416 bonds>


Setting precision to mixed


Setting DeterministicForces to 'true`


Using protein selection: protein_ca and res_list: False


Adding CustomExternalForce to system with 894 particles


CustomExternalForce
 
20


Setting state from state file...


  before simulation : -322985.198 kcal/mol


Running simulation


Writing simulation files to ../../enhanced-sampling-tmem175-data/pulling/04.closed_to_open_restart/frame43


Saving state


Saving cif


Saving pdb


Saving system


Saving integrator


Script cleanup


Writing log


Trajectory info written to ../../enhanced-sampling-tmem175-data/pulling/04.closed_to_open_restart/frame43


Using positions from frame 44 from ../systems/eBDims/closed_to_open_superposed_to_final.pdb


Writing to ../../enhanced-sampling-tmem175-data/pulling/04.closed_to_open_restart/frame44


dict_keys(['psf', 'params', 'state', 'positions', 'pdb'])


<Topology; 5 chains, 31576 residues, 151920 atoms, 121416 bonds>


Loading sim_params from ../sim_params/pulling02.yaml


hydrogen_mass       : 4.0 Da
temperature         : 303.15 K
friction            : 1 /ps
time_step           : 0.002 ps
pressure            : 1 bar
surface_tension     : 0
n_steps             : 1000000
report_freq         : 500
chk_freq            : 250000
traj_freq           : 5000
virtual_bond        : ['resSeq 46 and name CA and chainid 0', 'resSeq 46 and name CA and chainid 1']
platform            : CUDA
precision           : mixed
nonbonded_method    : PME
constraints         : HBonds
steps_dict          : {'Total Time': 1000000, 'Report Freq': 500, 'Checkpoint Freq': 250000, 'Trajectory Freq': 5000}
time_dict           : {'Total Time': Quantity(value=2000.0, unit=picosecond), 'Report Freq': Quantity(value=1.0, unit=picosecond), 'Checkpoint Freq': Quantity(value=500.0, unit=picosecond), 'Trajectory Freq': Quantity(value=10.0, unit=picosecond)}
n_frames            : 200
Total Time          :	2.00 ns             2000.00 ps          2000000.00 fs       
Report Freq         :	0.00 ns             1.00 ps             1000.00 fs          
Checkpoint Freq     :	0.50 ns             500.00 ps           500000.00 fs        
Trajectory Freq     :	0.01 ns             10.00 ps            10000.00 fs         
Number of Frames    :	200
Number of Steps     :	1000000


Loading sim_params from ../pulling_methods/cas.yaml


spring_constant     : 1000
force_group         : 20
selection           : protein_ca


['resSeq 46 and name CA and chainid 0', 'resSeq 46 and name CA and chainid 1']


<mdtraj.Topology with 5 chains, 31576 residues, 151920 atoms, 121416 bonds>


Setting precision to mixed


Setting DeterministicForces to 'true`


Using protein selection: protein_ca and res_list: False


Adding CustomExternalForce to system with 894 particles


CustomExternalForce
 
20


Setting state from state file...


  before simulation : -323426.008 kcal/mol


Running simulation


Writing simulation files to ../../enhanced-sampling-tmem175-data/pulling/04.closed_to_open_restart/frame44


Saving state


Saving cif


Saving pdb


Saving system


Saving integrator


Script cleanup


Writing log


Trajectory info written to ../../enhanced-sampling-tmem175-data/pulling/04.closed_to_open_restart/frame44


Using positions from frame 45 from ../systems/eBDims/closed_to_open_superposed_to_final.pdb


Writing to ../../enhanced-sampling-tmem175-data/pulling/04.closed_to_open_restart/frame45


dict_keys(['psf', 'params', 'state', 'positions', 'pdb'])


<Topology; 5 chains, 31576 residues, 151920 atoms, 121416 bonds>


Loading sim_params from ../sim_params/pulling02.yaml


hydrogen_mass       : 4.0 Da
temperature         : 303.15 K
friction            : 1 /ps
time_step           : 0.002 ps
pressure            : 1 bar
surface_tension     : 0
n_steps             : 1000000
report_freq         : 500
chk_freq            : 250000
traj_freq           : 5000
virtual_bond        : ['resSeq 46 and name CA and chainid 0', 'resSeq 46 and name CA and chainid 1']
platform            : CUDA
precision           : mixed
nonbonded_method    : PME
constraints         : HBonds
steps_dict          : {'Total Time': 1000000, 'Report Freq': 500, 'Checkpoint Freq': 250000, 'Trajectory Freq': 5000}
time_dict           : {'Total Time': Quantity(value=2000.0, unit=picosecond), 'Report Freq': Quantity(value=1.0, unit=picosecond), 'Checkpoint Freq': Quantity(value=500.0, unit=picosecond), 'Trajectory Freq': Quantity(value=10.0, unit=picosecond)}
n_frames            : 200
Total Time          :	2.00 ns             2000.00 ps          2000000.00 fs       
Report Freq         :	0.00 ns             1.00 ps             1000.00 fs          
Checkpoint Freq     :	0.50 ns             500.00 ps           500000.00 fs        
Trajectory Freq     :	0.01 ns             10.00 ps            10000.00 fs         
Number of Frames    :	200
Number of Steps     :	1000000


Loading sim_params from ../pulling_methods/cas.yaml


spring_constant     : 1000
force_group         : 20
selection           : protein_ca


['resSeq 46 and name CA and chainid 0', 'resSeq 46 and name CA and chainid 1']


<mdtraj.Topology with 5 chains, 31576 residues, 151920 atoms, 121416 bonds>


Setting precision to mixed


Setting DeterministicForces to 'true`


Using protein selection: protein_ca and res_list: False


Adding CustomExternalForce to system with 894 particles


CustomExternalForce
 
20


Setting state from state file...


  before simulation : -323348.367 kcal/mol


Running simulation


Writing simulation files to ../../enhanced-sampling-tmem175-data/pulling/04.closed_to_open_restart/frame45


Saving state


Saving cif


Saving pdb


Saving system


Saving integrator


Script cleanup


Writing log


Trajectory info written to ../../enhanced-sampling-tmem175-data/pulling/04.closed_to_open_restart/frame45


