Writing to ../../enhanced-sampling-tmem175-data/pulling/04.closed_to_open_restart


input_dir: ../systems/system01


ebdims_file: ../systems/eBDims/closed_to_open_superposed_to_final.pdb


output_dir: ../../enhanced-sampling-tmem175-data/pulling/04.closed_to_open_restart


charmm_param_dir: ../forcefield_data/charmm-params


params_file: ../sim_params/pulling02.yaml


pulling_params: ../pulling_methods/cas.yaml


restart_from_frame: 40


Loading psf from ../systems/system01/step5_input.psf


Loading Charmm params from ../forcefield_data/charmm-params


Using positions from frame 40 from ../systems/eBDims/closed_to_open_superposed_to_final.pdb


Writing to ../../enhanced-sampling-tmem175-data/pulling/04.closed_to_open_restart/frame40


Traceback (most recent call last):
  File "/lila/data/chodera/paynea/enhanced-sampling-tmem175/hpc_scripts/../pulling_methods/pulling_sequential.py", line 285, in <module>
    new_input_dict = sb.load_input_dir(
  File "/lila/data/chodera/paynea/enhanced-sampling-tmem175/enhanced_sampling/system_building.py", line 32, in load_input_dir
    with bz2.open(input_state_path, 'rb') as infile:
  File "/home/paynea/miniconda3/envs/enhanced-sampling-tmem175/lib/python3.9/bz2.py", line 319, in open
    binary_file = BZ2File(filename, bz_mode, compresslevel=compresslevel)
  File "/home/paynea/miniconda3/envs/enhanced-sampling-tmem175/lib/python3.9/bz2.py", line 85, in __init__
    self._fp = _builtin_open(filename, mode)
FileNotFoundError: [Errno 2] No such file or directory: '../../enhanced-sampling-tmem175-data/pulling/04.closed_to_open_restart/frame40/state.xml.bz2'
