Sender: LSF System <lsfadmin@lx06>
Subject: Job 11516344: <closed_to_open> in cluster <lila> Done

Job <closed_to_open> was submitted from host <lilac-ln02> by user <paynea> in cluster <lila> at Tue Nov  1 15:54:51 2022
Job was executed on host(s) <lx06>, in queue <gpuqueue>, as user <paynea> in cluster <lila> at Tue Nov  1 15:54:53 2022
</home/paynea> was used as the home directory.
</data/chodera/paynea/enhanced-sampling-tmem175/hpc_scripts> was used as the working directory.
Started at Tue Nov  1 15:54:53 2022
Terminated at Tue Nov  1 20:09:54 2022
Results reported at Tue Nov  1 20:09:54 2022

Your job looked like:

------------------------------------------------------------
# LSBATCH: User input
#!/usr/bin/env bash
# Set walltime limit
#BSUB -W 48:00

# Set output file
#BSUB -o  %J.out

#BSUB -J "closed_to_open"

# Set error file
#BSUB -e %J.stderr

# Specify node group
#BSUB -q gpuqueue
#BSUB -R select[gpu_model0!='NVIDIAGeForceGTX1080']
#BSUB -R select[gpu_model0!='NVIDIAGeForceGTX1080Ti']

# nodes: number of nodes and GPU request
#BSUB -n 1 -R "rusage[mem=8]"
#BSUB -gpu "num=1:j_exclusive=yes:mode=shared"

source ~/.bashrc
conda activate enhanced-sampling-tmem175
#python ../pulling_methods/pulling_sequential.py \
#-i ../systems/system01 \
#-e ../systems/eBDims/closed_to_open_superposed_to_final.pdb \
#-o ../../enhanced-sampling-tmem175-data/pulling/04.closed_to_open \
#-p ../sim_params/pulling02.yaml \
#-y ../pulling_methods/cas.yaml

python ../pulling_methods/pulling_sequential.py \
-i ../systems/system01 \
-e ../systems/eBDims/closed_to_open_superposed_to_final.pdb \
-o ../../enhanced-sampling-tmem175-data/pulling/04.closed_to_open_restart \
-p ../sim_params/pulling02.yaml \
-y ../pulling_methods/cas.yaml \
-r ../../enhanced-sampling-tmem175-data/pulling/04.closed_to_open/frame40/ \
--restart_from_frame 40

------------------------------------------------------------

Successfully completed.

Resource usage summary:

    CPU time :                                   14505.37 sec.
    Max Memory :                                 3 GB
    Average Memory :                             1.80 GB
    Total Requested Memory :                     8.00 GB
    Delta Memory :                               5.00 GB
    Max Swap :                                   -
    Max Processes :                              6
    Max Threads :                                176
    Run time :                                   15301 sec.
    Turnaround time :                            15303 sec.

The output (if any) follows:



PS:

Read file <11516344.stderr> for stderr output of this job.

