Sender: LSF System <lsfadmin@lu05>
Subject: Job 12033067: <open_to_closed> in cluster <lila> Exited

Job <open_to_closed> was submitted from host <lilac-ln02> by user <paynea> in cluster <lila> at Wed Nov 16 11:09:48 2022
Job was executed on host(s) <lu05>, in queue <gpuqueue>, as user <paynea> in cluster <lila> at Wed Nov 16 12:07:14 2022
</home/paynea> was used as the home directory.
</data/chodera/paynea/enhanced-sampling-tmem175/hpc_scripts> was used as the working directory.
Started at Wed Nov 16 12:07:14 2022
Terminated at Fri Nov 18 12:07:18 2022
Results reported at Fri Nov 18 12:07:18 2022

Your job looked like:

------------------------------------------------------------
# LSBATCH: User input
#!/usr/bin/env bash
# Set walltime limit
#BSUB -W 48:00

# Set output file
#BSUB -o  %J.out

#BSUB -J "open_to_closed"

# Set error file
#BSUB -e %J.stderr

# Specify node group
#BSUB -q gpuqueue
#BSUB -R select[gpu_model0!='NVIDIAGeForceGTX1080']
#BSUB -R select[gpu_model0!='NVIDIAGeForceGTX1080Ti']

# nodes: number of nodes and GPU request
#BSUB -n 1 -R "rusage[mem=8]"
#BSUB -gpu "num=1:j_exclusive=yes:mode=shared"


source ~/.bashrc
conda activate enhanced-sampling-tmem175
python ../pulling_methods/pulling_sequential.py \
-i ../systems/system00 \
-e ../systems/eBDims/open_to_closed_superposed_to_final.pdb \
-o ../../enhanced-sampling-tmem175-data/pulling/05.open_to_closed \
-p ../sim_params/pulling02.yaml \
-y ../pulling_methods/cas.yaml

------------------------------------------------------------

TERM_RUNLIMIT: job killed after reaching LSF run time limit.
Exited with exit code 140.

Resource usage summary:

    CPU time :                                   167429.00 sec.
    Max Memory :                                 5 GB
    Average Memory :                             3.33 GB
    Total Requested Memory :                     8.00 GB
    Delta Memory :                               3.00 GB
    Max Swap :                                   -
    Max Processes :                              6
    Max Threads :                                383
    Run time :                                   172805 sec.
    Turnaround time :                            176250 sec.

The output (if any) follows:



PS:

Read file <12033067.stderr> for stderr output of this job.

