Sender: LSF System <lsfadmin@ls12>
Subject: Job 9377081: <#!/usr/bin/env bash;# Set walltime limit;#BSUB -W 24:00; # Set output file;#BSUB -o  %J.out; #BUSB -J "open_to_closed"; # Set error file;#BSUB -e %J.stderr; # Specify node group;#BSUB -q gpuqueue;#BSUB -R select[gpu_model0!='GeForceGTX1080']; # nodes: number of nodes and GPU request;#BSUB -n 1 -R "rusage[mem=8]";#BSUB -gpu "num=1:j_exclusive=yes:mode=shared";  source ~/.bashrc;conda activate enhanced-sampling-tmem175;python ../pulling_methods/pulling_sequential.py -i ../systems/system00 -e ../systems/eBDims/open_to_closed_superposed_to_final.pdb -o ../../enhanced-sampling-tmem175-data/pulling/01.open_to_closed -p ../sim_params/pulling.yaml -y ../pulling_methods/cas.yaml> in cluster <lila> Exited

Job <#!/usr/bin/env bash;# Set walltime limit;#BSUB -W 24:00; # Set output file;#BSUB -o  %J.out; #BUSB -J "open_to_closed"; # Set error file;#BSUB -e %J.stderr; # Specify node group;#BSUB -q gpuqueue;#BSUB -R select[gpu_model0!='GeForceGTX1080']; # nodes: number of nodes and GPU request;#BSUB -n 1 -R "rusage[mem=8]";#BSUB -gpu "num=1:j_exclusive=yes:mode=shared";  source ~/.bashrc;conda activate enhanced-sampling-tmem175;python ../pulling_methods/pulling_sequential.py -i ../systems/system00 -e ../systems/eBDims/open_to_closed_superposed_to_final.pdb -o ../../enhanced-sampling-tmem175-data/pulling/01.open_to_closed -p ../sim_params/pulling.yaml -y ../pulling_methods/cas.yaml> was submitted from host <lilac-ln02> by user <paynea> in cluster <lila> at Thu Sep 22 10:45:26 2022
Job was executed on host(s) <ls12>, in queue <gpuqueue>, as user <paynea> in cluster <lila> at Thu Sep 22 10:45:27 2022
</home/paynea> was used as the home directory.
</data/chodera/paynea/enhanced-sampling-tmem175/hpc_scripts> was used as the working directory.
Started at Thu Sep 22 10:45:27 2022
Terminated at Thu Sep 22 10:49:52 2022
Results reported at Thu Sep 22 10:49:52 2022

Your job looked like:

------------------------------------------------------------
# LSBATCH: User input
#!/usr/bin/env bash
# Set walltime limit
#BSUB -W 24:00

# Set output file
#BSUB -o  %J.out

#BUSB -J "open_to_closed"

# Set error file
#BSUB -e %J.stderr

# Specify node group
#BSUB -q gpuqueue
#BSUB -R select[gpu_model0!='GeForceGTX1080']

# nodes: number of nodes and GPU request
#BSUB -n 1 -R "rusage[mem=8]"
#BSUB -gpu "num=1:j_exclusive=yes:mode=shared"


source ~/.bashrc
conda activate enhanced-sampling-tmem175
python ../pulling_methods/pulling_sequential.py -i ../systems/system00 -e ../systems/eBDims/open_to_closed_superposed_to_final.pdb -o ../../enhanced-sampling-tmem175-data/pulling/01.open_to_closed -p ../sim_params/pulling.yaml -y ../pulling_methods/cas.yaml

------------------------------------------------------------

TERM_OWNER: job killed by owner.
Exited with exit code 130.

Resource usage summary:

    CPU time :                                   256.22 sec.
    Max Memory :                                 1 GB
    Average Memory :                             0.93 GB
    Total Requested Memory :                     8.00 GB
    Delta Memory :                               7.00 GB
    Max Swap :                                   -
    Max Processes :                              6
    Max Threads :                                81
    Run time :                                   265 sec.
    Turnaround time :                            266 sec.

The output (if any) follows:



PS:

Read file <9377081.stderr> for stderr output of this job.

