Sender: LSF System <lsfadmin@ln05>
Subject: Job 9377077: <#!/usr/bin/env bash;# Set walltime limit;#BSUB -W 24:00; # Set output file;#BSUB -o  %J.out; #BUSB -J "closed_to_open"; # Set error file;#BSUB -e %J.stderr; # Specify node group;#BSUB -q gpuqueue;#BSUB -R select[gpu_model0!='GeForceGTX1080']; # nodes: number of nodes and GPU request;#BSUB -n 1 -R "rusage[mem=8]";#BSUB -gpu "num=1:j_exclusive=yes:mode=shared";  source ~/.bashrc;conda activate enhanced-sampling-tmem175;python ../pulling_methods/pulling_sequential.py -i ../systems/system01 -e ../systems/eBDims/closed_to_open_superposed_to_final.pdb -o ../../enhanced-sampling-tmem175-data/pulling/closed_to_open -p ../sim_params/pulling.yaml -y ../pulling_methods/cas.yaml> in cluster <lila> Exited

Job <#!/usr/bin/env bash;# Set walltime limit;#BSUB -W 24:00; # Set output file;#BSUB -o  %J.out; #BUSB -J "closed_to_open"; # Set error file;#BSUB -e %J.stderr; # Specify node group;#BSUB -q gpuqueue;#BSUB -R select[gpu_model0!='GeForceGTX1080']; # nodes: number of nodes and GPU request;#BSUB -n 1 -R "rusage[mem=8]";#BSUB -gpu "num=1:j_exclusive=yes:mode=shared";  source ~/.bashrc;conda activate enhanced-sampling-tmem175;python ../pulling_methods/pulling_sequential.py -i ../systems/system01 -e ../systems/eBDims/closed_to_open_superposed_to_final.pdb -o ../../enhanced-sampling-tmem175-data/pulling/closed_to_open -p ../sim_params/pulling.yaml -y ../pulling_methods/cas.yaml> was submitted from host <lilac-ln02> by user <paynea> in cluster <lila> at Thu Sep 22 10:41:04 2022
Job was executed on host(s) <ln05>, in queue <gpuqueue>, as user <paynea> in cluster <lila> at Thu Sep 22 10:41:04 2022
</home/paynea> was used as the home directory.
</data/chodera/paynea/enhanced-sampling-tmem175/hpc_scripts> was used as the working directory.
Started at Thu Sep 22 10:41:04 2022
Terminated at Thu Sep 22 10:41:23 2022
Results reported at Thu Sep 22 10:41:23 2022

Your job looked like:

------------------------------------------------------------
# LSBATCH: User input
#!/usr/bin/env bash
# Set walltime limit
#BSUB -W 24:00

# Set output file
#BSUB -o  %J.out

#BUSB -J "closed_to_open"

# Set error file
#BSUB -e %J.stderr

# Specify node group
#BSUB -q gpuqueue
#BSUB -R select[gpu_model0!='GeForceGTX1080']

# nodes: number of nodes and GPU request
#BSUB -n 1 -R "rusage[mem=8]"
#BSUB -gpu "num=1:j_exclusive=yes:mode=shared"


source ~/.bashrc
conda activate enhanced-sampling-tmem175
python ../pulling_methods/pulling_sequential.py -i ../systems/system01 -e ../systems/eBDims/closed_to_open_superposed_to_final.pdb -o ../../enhanced-sampling-tmem175-data/pulling/closed_to_open -p ../sim_params/pulling.yaml -y ../pulling_methods/cas.yaml


------------------------------------------------------------

Exited with exit code 1.

Resource usage summary:

    CPU time :                                   1.47 sec.
    Max Memory :                                 -
    Average Memory :                             -
    Total Requested Memory :                     8.00 GB
    Delta Memory :                               -
    Max Swap :                                   -
    Max Processes :                              5
    Max Threads :                                6
    Run time :                                   19 sec.
    Turnaround time :                            19 sec.

The output (if any) follows:



PS:

Read file <9377077.stderr> for stderr output of this job.

