Sender: LSF System <lsfadmin@lx02>
Subject: Job 9931252: <closed_to_open> in cluster <lila> Done

Job <closed_to_open> was submitted from host <lilac-ln02> by user <paynea> in cluster <lila> at Wed Oct  5 08:42:03 2022
Job was executed on host(s) <lx02>, in queue <gpuqueue>, as user <paynea> in cluster <lila> at Wed Oct  5 08:42:04 2022
</home/paynea> was used as the home directory.
</data/chodera/paynea/enhanced-sampling-tmem175/hpc_scripts> was used as the working directory.
Started at Wed Oct  5 08:42:04 2022
Terminated at Thu Oct  6 05:04:44 2022
Results reported at Thu Oct  6 05:04:44 2022

Your job looked like:

------------------------------------------------------------
# LSBATCH: User input
#!/usr/bin/env bash
# Set walltime limit
#BSUB -W 24:00

# Set output file
#BSUB -o  %J.out

#BSUB -J "closed_to_open"

# Set error file
#BSUB -e %J.stderr

# Specify node group
#BSUB -q gpuqueue
#BSUB -R select[gpu_model0!='NVIDIAGeForceGTX1080']
#BSUB -R select[gpu_model0!='NVIDIAGeForceGTX1080Ti']

# nodes: number of nodes and GPU request
#BSUB -n 1 -R "rusage[mem=8]"
#BSUB -gpu "num=1:j_exclusive=yes:mode=shared"


source ~/.bashrc
conda activate enhanced-sampling-tmem175
python ../pulling_methods/pulling_sequential.py -i ../systems/system01 -e ../systems/eBDims/closed_to_open_superposed_to_final.pdb -o ../../enhanced-sampling-tmem175-data/pulling/02.closed_to_open -p ../sim_params/pulling.yaml -y ../pulling_methods/cas.yaml


------------------------------------------------------------

Successfully completed.

Resource usage summary:

    CPU time :                                   70938.53 sec.
    Max Memory :                                 6 GB
    Average Memory :                             3.55 GB
    Total Requested Memory :                     8.00 GB
    Delta Memory :                               2.00 GB
    Max Swap :                                   -
    Max Processes :                              6
    Max Threads :                                423
    Run time :                                   73361 sec.
    Turnaround time :                            73361 sec.

The output (if any) follows:



PS:

Read file <9931252.stderr> for stderr output of this job.

